INFO:root:File: s01.mat
INFO:root:Left Imagery Data Shape: (58, 64, 2561)
INFO:root:Right Imagery Data Shape: (49, 64, 2561)
INFO:root:Classification scores: [0.8636363636363636, 0.8181818181818182, 0.6363636363636364, 0.6818181818181818, 0.6818181818181818, 0.7727272727272727, 0.7727272727272727, 0.7272727272727273, 0.6363636363636364, 0.7727272727272727]
INFO:root:Classification accuracy: 0.7363636363636364
INFO:root:Class balance: 0.5420560747663551
INFO:root:File: s02.mat
INFO:root:Left Imagery Data Shape: (68, 64, 2561)
INFO:root:Right Imagery Data Shape: (68, 64, 2561)
INFO:root:Classification scores: [0.5357142857142857, 0.6428571428571429, 0.5714285714285714, 0.42857142857142855, 0.6071428571428571, 0.39285714285714285, 0.4642857142857143, 0.42857142857142855, 0.4642857142857143, 0.5]
INFO:root:Classification accuracy: 0.5035714285714286
INFO:root:Class balance: 0.5
INFO:root:File: s03.mat
INFO:root:Left Imagery Data Shape: (80, 64, 2561)
INFO:root:Right Imagery Data Shape: (78, 64, 2561)
INFO:root:Classification scores: [0.59375, 0.84375, 0.78125, 0.65625, 0.6875, 0.75, 0.59375, 0.65625, 0.78125, 0.78125]
INFO:root:Classification accuracy: 0.7125
INFO:root:Class balance: 0.5063291139240507
INFO:root:File: s04.mat
INFO:root:Left Imagery Data Shape: (84, 64, 2561)
INFO:root:Right Imagery Data Shape: (82, 64, 2561)
INFO:root:Classification scores: [0.5294117647058824, 0.3235294117647059, 0.5, 0.5294117647058824, 0.5588235294117647, 0.5588235294117647, 0.6176470588235294, 0.6176470588235294, 0.47058823529411764, 0.6764705882352942]
INFO:root:Classification accuracy: 0.5382352941176471
INFO:root:Class balance: 0.5060240963855421
INFO:root:File: s05.mat
INFO:root:Left Imagery Data Shape: (6, 64, 2561)
INFO:root:Right Imagery Data Shape: (9, 64, 2561)
INFO:root:Classification scores: [1.0, 0.6666666666666666, 1.0, 1.0, 1.0, 0.6666666666666666, 0.3333333333333333, 1.0, 0.3333333333333333, 0.6666666666666666]
INFO:root:Classification accuracy: 0.7666666666666666
INFO:root:Class balance: 0.6
INFO:root:File: s06.mat
INFO:root:Left Imagery Data Shape: (38, 64, 2561)
INFO:root:Right Imagery Data Shape: (40, 64, 2561)
INFO:root:Classification scores: [0.5, 0.375, 0.5, 0.5, 0.3125, 0.5625, 0.3125, 0.5, 0.5, 0.3125]
INFO:root:Classification accuracy: 0.4375
INFO:root:Class balance: 0.5128205128205128
INFO:root:File: s07.mat
INFO:root:Left Imagery Data Shape: (91, 64, 2561)
INFO:root:Right Imagery Data Shape: (85, 64, 2561)
INFO:root:Classification scores: [0.4444444444444444, 0.5833333333333334, 0.5833333333333334, 0.4722222222222222, 0.5, 0.4444444444444444, 0.5277777777777778, 0.5277777777777778, 0.5833333333333334, 0.5277777777777778]
INFO:root:Classification accuracy: 0.5194444444444444
INFO:root:Class balance: 0.5170454545454546
INFO:root:File: s08.mat
INFO:root:Left Imagery Data Shape: (31, 64, 2561)
INFO:root:Right Imagery Data Shape: (35, 64, 2561)
INFO:root:Classification scores: [0.7857142857142857, 0.42857142857142855, 0.42857142857142855, 0.42857142857142855, 0.6428571428571429, 0.5714285714285714, 0.6428571428571429, 0.5, 0.6428571428571429, 0.21428571428571427]
INFO:root:Classification accuracy: 0.5285714285714287
INFO:root:Class balance: 0.5303030303030303
INFO:root:File: s09.mat
INFO:root:Left Imagery Data Shape: (88, 64, 2561)
INFO:root:Right Imagery Data Shape: (77, 64, 2561)
INFO:root:Classification scores: [0.7575757575757576, 0.48484848484848486, 0.5757575757575758, 0.6060606060606061, 0.7272727272727273, 0.48484848484848486, 0.6666666666666666, 0.48484848484848486, 0.5757575757575758, 0.5454545454545454]
INFO:root:Classification accuracy: 0.5909090909090908
INFO:root:Class balance: 0.5333333333333333
INFO:root:File: s10.mat
INFO:root:Left Imagery Data Shape: (94, 64, 2561)
INFO:root:Right Imagery Data Shape: (99, 64, 2561)
INFO:root:Classification scores: [0.8205128205128205, 0.7435897435897436, 0.9487179487179487, 0.6666666666666666, 0.6923076923076923, 0.6410256410256411, 0.5384615384615384, 0.7948717948717948, 0.7435897435897436, 0.8974358974358975]
INFO:root:Classification accuracy: 0.7487179487179488
INFO:root:Class balance: 0.5129533678756477
INFO:root:File: s11.mat
INFO:root:Left Imagery Data Shape: (77, 64, 2561)
INFO:root:Right Imagery Data Shape: (74, 64, 2561)
INFO:root:Classification scores: [0.7096774193548387, 0.3870967741935484, 0.4838709677419355, 0.5483870967741935, 0.6451612903225806, 0.41935483870967744, 0.5161290322580645, 0.5161290322580645, 0.5806451612903226, 0.7096774193548387]
INFO:root:Classification accuracy: 0.5516129032258065
INFO:root:Class balance: 0.5099337748344371
INFO:root:File: s12.mat
INFO:root:Left Imagery Data Shape: (97, 64, 2561)
INFO:root:Right Imagery Data Shape: (98, 64, 2561)
INFO:root:Classification scores: [0.6923076923076923, 0.6666666666666666, 0.6923076923076923, 0.6410256410256411, 0.6666666666666666, 0.6410256410256411, 0.5641025641025641, 0.717948717948718, 0.6666666666666666, 0.5641025641025641]
INFO:root:Classification accuracy: 0.6512820512820513
INFO:root:Class balance: 0.5025641025641026
INFO:root:File: s13.mat
INFO:root:File: s14.mat
INFO:root:Left Imagery Data Shape: (20, 64, 2561)
INFO:root:Right Imagery Data Shape: (22, 64, 2561)
INFO:root:Classification scores: [0.5555555555555556, 0.5555555555555556, 0.5555555555555556, 0.6666666666666666, 0.6666666666666666, 0.7777777777777778, 0.8888888888888888, 0.5555555555555556, 0.2222222222222222, 0.8888888888888888]
INFO:root:Classification accuracy: 0.6333333333333334
INFO:root:Class balance: 0.5238095238095238
INFO:root:File: s15.mat
INFO:root:Left Imagery Data Shape: (58, 64, 2561)
INFO:root:Right Imagery Data Shape: (72, 64, 2561)
INFO:root:Classification scores: [0.6538461538461539, 0.3076923076923077, 0.5769230769230769, 0.6153846153846154, 0.5, 0.5, 0.46153846153846156, 0.5384615384615384, 0.5, 0.5384615384615384]
INFO:root:Classification accuracy: 0.5192307692307692
INFO:root:Class balance: 0.5538461538461539
INFO:root:File: s16.mat
INFO:root:Left Imagery Data Shape: (25, 64, 2561)
INFO:root:Right Imagery Data Shape: (34, 64, 2561)
INFO:root:Classification scores: [0.5, 0.3333333333333333, 0.5, 0.75, 0.3333333333333333, 0.6666666666666666, 0.4166666666666667, 0.6666666666666666, 0.4166666666666667, 0.16666666666666666]
INFO:root:Classification accuracy: 0.475
INFO:root:Class balance: 0.576271186440678
INFO:root:File: s17.mat
INFO:root:Left Imagery Data Shape: (63, 64, 2561)
INFO:root:Right Imagery Data Shape: (60, 64, 2561)
INFO:root:Classification scores: [0.4, 0.56, 0.6, 0.24, 0.28, 0.48, 0.52, 0.4, 0.6, 0.56]
INFO:root:Classification accuracy: 0.4640000000000001
INFO:root:Class balance: 0.5121951219512195
INFO:root:File: s18.mat
INFO:root:Left Imagery Data Shape: (90, 64, 2561)
INFO:root:Right Imagery Data Shape: (94, 64, 2561)
INFO:root:Classification scores: [0.4594594594594595, 0.5945945945945946, 0.5135135135135135, 0.6216216216216216, 0.4864864864864865, 0.6756756756756757, 0.5135135135135135, 0.6486486486486487, 0.4594594594594595, 0.5135135135135135]
INFO:root:Classification accuracy: 0.5486486486486487
INFO:root:Class balance: 0.5108695652173914
INFO:root:File: s19.mat
INFO:root:Left Imagery Data Shape: (36, 64, 2561)
INFO:root:Right Imagery Data Shape: (39, 64, 2561)
INFO:root:Classification scores: [0.3333333333333333, 0.6666666666666666, 0.3333333333333333, 0.2, 0.4666666666666667, 0.5333333333333333, 0.5333333333333333, 0.4666666666666667, 0.26666666666666666, 0.2]
INFO:root:Classification accuracy: 0.4
INFO:root:Class balance: 0.52
INFO:root:File: s20.mat
INFO:root:Left Imagery Data Shape: (51, 64, 2561)
INFO:root:Right Imagery Data Shape: (46, 64, 2561)
INFO:root:Classification scores: [0.75, 0.55, 0.4, 0.7, 0.5, 0.6, 0.45, 0.75, 0.7, 0.5]
INFO:root:Classification accuracy: 0.5900000000000001
INFO:root:Class balance: 0.5257731958762887
INFO:root:File: s21.mat
INFO:root:Left Imagery Data Shape: (96, 64, 2561)
INFO:root:Right Imagery Data Shape: (90, 64, 2561)
INFO:root:Classification scores: [0.6842105263157895, 0.5, 0.5263157894736842, 0.6052631578947368, 0.5526315789473685, 0.6052631578947368, 0.5, 0.5789473684210527, 0.6842105263157895, 0.4473684210526316]
INFO:root:Classification accuracy: 0.5684210526315789
INFO:root:Class balance: 0.5161290322580645
INFO:root:File: s22.mat
INFO:root:Left Imagery Data Shape: (49, 64, 2561)
INFO:root:Right Imagery Data Shape: (44, 64, 2561)
INFO:root:Classification scores: [0.47368421052631576, 0.631578947368421, 0.6842105263157895, 0.8947368421052632, 0.6842105263157895, 0.7894736842105263, 0.6842105263157895, 0.7368421052631579, 0.631578947368421, 0.6842105263157895]
INFO:root:Classification accuracy: 0.6894736842105263
INFO:root:Class balance: 0.5268817204301075
INFO:root:File: s23.mat
INFO:root:Left Imagery Data Shape: (37, 64, 2561)
INFO:root:Right Imagery Data Shape: (42, 64, 2561)
INFO:root:Classification scores: [0.75, 0.8125, 0.8125, 0.75, 0.75, 0.8125, 0.6875, 0.625, 0.875, 0.6875]
INFO:root:Classification accuracy: 0.75625
INFO:root:Class balance: 0.5316455696202531
INFO:root:File: s24.mat
INFO:root:Left Imagery Data Shape: (52, 64, 2561)
INFO:root:Right Imagery Data Shape: (50, 64, 2561)
INFO:root:Classification scores: [0.7142857142857143, 0.3333333333333333, 0.6190476190476191, 0.6190476190476191, 0.47619047619047616, 0.38095238095238093, 0.2857142857142857, 0.5238095238095238, 0.5238095238095238, 0.5714285714285714]
INFO:root:Classification accuracy: 0.5047619047619047
INFO:root:Class balance: 0.5098039215686274
INFO:root:File: s25.mat
INFO:root:Left Imagery Data Shape: (38, 64, 2561)
INFO:root:Right Imagery Data Shape: (35, 64, 2561)
INFO:root:Classification scores: [0.5333333333333333, 0.7333333333333333, 0.6666666666666666, 0.7333333333333333, 0.4, 0.5333333333333333, 0.5333333333333333, 0.4666666666666667, 0.4, 0.3333333333333333]
INFO:root:Classification accuracy: 0.5333333333333333
INFO:root:Class balance: 0.5205479452054794
INFO:root:File: s26.mat
INFO:root:Left Imagery Data Shape: (5, 64, 2561)
INFO:root:Right Imagery Data Shape: (3, 64, 2561)
INFO:root:Classification scores: [0.5, 0.5, 0.5, 0.5, 1.0, 0.5, 0.0, 0.5, 1.0, 0.0]
INFO:root:Classification accuracy: 0.5
INFO:root:Class balance: 0.625
INFO:root:File: s27.mat
INFO:root:Left Imagery Data Shape: (25, 64, 2561)
INFO:root:Right Imagery Data Shape: (18, 64, 2561)
INFO:root:Classification scores: [0.5555555555555556, 0.4444444444444444, 0.4444444444444444, 0.7777777777777778, 0.6666666666666666, 0.4444444444444444, 0.4444444444444444, 0.7777777777777778, 0.8888888888888888, 0.5555555555555556]
INFO:root:Classification accuracy: 0.6
INFO:root:Class balance: 0.5813953488372093
INFO:root:File: s28.mat
INFO:root:Left Imagery Data Shape: (64, 64, 2561)
INFO:root:Right Imagery Data Shape: (63, 64, 2561)
INFO:root:Classification scores: [0.6538461538461539, 0.6538461538461539, 0.5769230769230769, 0.5769230769230769, 0.5384615384615384, 0.5384615384615384, 0.6538461538461539, 0.34615384615384615, 0.6153846153846154, 0.6923076923076923]
INFO:root:Classification accuracy: 0.5846153846153845
INFO:root:Class balance: 0.5039370078740157
INFO:root:File: s29.mat
INFO:root:Left Imagery Data Shape: (44, 64, 2561)
INFO:root:Right Imagery Data Shape: (33, 64, 2561)
INFO:root:Classification scores: [0.4375, 0.4375, 0.5625, 0.5, 0.4375, 0.4375, 0.375, 0.625, 0.5, 0.625]
INFO:root:Classification accuracy: 0.49375
INFO:root:Class balance: 0.5714285714285714
INFO:root:File: s30.mat
INFO:root:Left Imagery Data Shape: (92, 64, 2561)
INFO:root:Right Imagery Data Shape: (84, 64, 2561)
INFO:root:Classification scores: [0.5833333333333334, 0.4722222222222222, 0.5833333333333334, 0.5277777777777778, 0.4722222222222222, 0.6111111111111112, 0.5277777777777778, 0.6111111111111112, 0.4722222222222222, 0.5277777777777778]
INFO:root:Classification accuracy: 0.538888888888889
INFO:root:Class balance: 0.5227272727272727
INFO:root:File: s31.mat
INFO:root:Left Imagery Data Shape: (57, 64, 2561)
INFO:root:Right Imagery Data Shape: (59, 64, 2561)
INFO:root:Classification scores: [0.625, 0.625, 0.7916666666666666, 0.625, 0.5833333333333334, 0.625, 0.5833333333333334, 0.7916666666666666, 0.5, 0.375]
INFO:root:Classification accuracy: 0.6125
INFO:root:Class balance: 0.5086206896551724
INFO:root:File: s32.mat
INFO:root:Left Imagery Data Shape: (91, 64, 2561)
INFO:root:Right Imagery Data Shape: (90, 64, 2561)
INFO:root:Classification scores: [0.4864864864864865, 0.32432432432432434, 0.5945945945945946, 0.5405405405405406, 0.5405405405405406, 0.32432432432432434, 0.6486486486486487, 0.7297297297297297, 0.6486486486486487, 0.6486486486486487]
INFO:root:Classification accuracy: 0.5486486486486488
INFO:root:Class balance: 0.5027624309392266
INFO:root:File: s33.mat
INFO:root:File: s34.mat
INFO:root:Left Imagery Data Shape: (64, 64, 2561)
INFO:root:Right Imagery Data Shape: (66, 64, 2561)
INFO:root:Classification scores: [0.6153846153846154, 0.6538461538461539, 0.4230769230769231, 0.4230769230769231, 0.5769230769230769, 0.46153846153846156, 0.5384615384615384, 0.5, 0.6153846153846154, 0.4230769230769231]
INFO:root:Classification accuracy: 0.523076923076923
INFO:root:Class balance: 0.5076923076923077
INFO:root:File: s35.mat
INFO:root:Left Imagery Data Shape: (91, 64, 2561)
INFO:root:Right Imagery Data Shape: (83, 64, 2561)
INFO:root:Classification scores: [0.8, 0.7428571428571429, 0.8, 0.8857142857142857, 0.7428571428571429, 0.7714285714285715, 0.8285714285714286, 0.7428571428571429, 0.7428571428571429, 0.7142857142857143]
INFO:root:Classification accuracy: 0.7771428571428572
INFO:root:Class balance: 0.5229885057471264
INFO:root:File: s36.mat
INFO:root:Left Imagery Data Shape: (49, 64, 2561)
INFO:root:Right Imagery Data Shape: (46, 64, 2561)
INFO:root:Classification scores: [0.5263157894736842, 0.7894736842105263, 0.3684210526315789, 0.3684210526315789, 0.47368421052631576, 0.42105263157894735, 0.5789473684210527, 0.6842105263157895, 0.47368421052631576, 0.5789473684210527]
INFO:root:Classification accuracy: 0.5263157894736843
INFO:root:Class balance: 0.5157894736842106
INFO:root:File: s37.mat
INFO:root:Left Imagery Data Shape: (6, 64, 2561)
INFO:root:Right Imagery Data Shape: (3, 64, 2561)
INFO:root:Classification scores: [0.5, 1.0, 0.5, 0.5, 1.0, 0.0, 1.0, 0.0, 1.0, 1.0]
INFO:root:Classification accuracy: 0.65
INFO:root:Class balance: 0.6666666666666666
INFO:root:File: s38.mat
INFO:root:Left Imagery Data Shape: (84, 64, 2561)
INFO:root:Right Imagery Data Shape: (83, 64, 2561)
INFO:root:Classification scores: [0.4411764705882353, 0.47058823529411764, 0.4117647058823529, 0.6176470588235294, 0.5588235294117647, 0.5294117647058824, 0.5588235294117647, 0.5588235294117647, 0.47058823529411764, 0.4117647058823529]
INFO:root:Classification accuracy: 0.5029411764705882
INFO:root:Class balance: 0.5029940119760479
INFO:root:File: s39.mat
INFO:root:Left Imagery Data Shape: (10, 64, 2561)
INFO:root:Right Imagery Data Shape: (21, 64, 2561)
INFO:root:Classification scores: [0.5714285714285714, 0.7142857142857143, 0.7142857142857143, 0.2857142857142857, 0.42857142857142855, 0.5714285714285714, 0.7142857142857143, 0.14285714285714285, 0.42857142857142855, 0.42857142857142855]
INFO:root:Classification accuracy: 0.5
INFO:root:Class balance: 0.6774193548387097
INFO:root:File: s40.mat
INFO:root:Left Imagery Data Shape: (23, 64, 2561)
INFO:root:Right Imagery Data Shape: (33, 64, 2561)
INFO:root:Classification scores: [0.25, 0.5, 0.4166666666666667, 0.5, 0.5, 0.4166666666666667, 0.5833333333333334, 0.5833333333333334, 0.4166666666666667, 0.5]
INFO:root:Classification accuracy: 0.4666666666666667
INFO:root:Class balance: 0.5892857142857143
INFO:root:File: s41.mat
INFO:root:Left Imagery Data Shape: (88, 64, 2561)
INFO:root:Right Imagery Data Shape: (90, 64, 2561)
INFO:root:Classification scores: [0.8888888888888888, 0.8888888888888888, 0.8888888888888888, 0.8611111111111112, 0.6944444444444444, 0.8888888888888888, 0.8333333333333334, 0.8611111111111112, 0.9444444444444444, 0.8333333333333334]
INFO:root:Classification accuracy: 0.8583333333333334
INFO:root:Class balance: 0.5056179775280899
INFO:root:File: s42.mat
INFO:root:Left Imagery Data Shape: (89, 64, 2561)
INFO:root:Right Imagery Data Shape: (88, 64, 2561)
INFO:root:Classification scores: [0.4166666666666667, 0.3333333333333333, 0.5277777777777778, 0.5277777777777778, 0.5277777777777778, 0.5277777777777778, 0.2777777777777778, 0.5277777777777778, 0.4166666666666667, 0.4722222222222222]
INFO:root:Classification accuracy: 0.4555555555555556
INFO:root:Class balance: 0.5028248587570622
INFO:root:File: s43.mat
INFO:root:File: s44.mat
INFO:root:Left Imagery Data Shape: (19, 64, 2561)
INFO:root:Right Imagery Data Shape: (16, 64, 2561)
INFO:root:Classification scores: [0.14285714285714285, 0.7142857142857143, 1.0, 0.7142857142857143, 0.8571428571428571, 0.5714285714285714, 0.7142857142857143, 0.7142857142857143, 0.8571428571428571, 0.8571428571428571]
INFO:root:Classification accuracy: 0.7142857142857142
INFO:root:Class balance: 0.5428571428571428
INFO:root:File: s45.mat
INFO:root:Left Imagery Data Shape: (36, 64, 2561)
INFO:root:Right Imagery Data Shape: (41, 64, 2561)
INFO:root:Classification scores: [0.6875, 0.625, 0.625, 0.4375, 0.5, 0.4375, 0.4375, 0.6875, 0.625, 0.625]
INFO:root:Classification accuracy: 0.56875
INFO:root:Class balance: 0.5324675324675325
INFO:root:File: s46.mat
INFO:root:Left Imagery Data Shape: (101, 64, 2561)
INFO:root:Right Imagery Data Shape: (102, 64, 2561)
INFO:root:Classification scores: [0.6829268292682927, 0.6341463414634146, 0.7804878048780488, 0.6585365853658537, 0.7317073170731707, 0.6097560975609756, 0.5853658536585366, 0.5609756097560976, 0.7073170731707317, 0.6829268292682927]
INFO:root:Classification accuracy: 0.6634146341463414
INFO:root:Class balance: 0.5024630541871922
INFO:root:File: s47.mat
INFO:root:Left Imagery Data Shape: (4, 64, 2561)
INFO:root:Right Imagery Data Shape: (3, 64, 2561)
INFO:root:Classification scores: [0.0, 0.5, 0.0, 0.5, 0.5, 0.5, 0.5, 0.0, 1.0, 1.0]
INFO:root:Classification accuracy: 0.45
INFO:root:Class balance: 0.5714285714285714
INFO:root:File: s48.mat
INFO:root:Left Imagery Data Shape: (24, 64, 2561)
INFO:root:Right Imagery Data Shape: (26, 64, 2561)
INFO:root:Classification scores: [0.6, 0.6, 0.7, 0.6, 0.5, 0.6, 0.3, 0.7, 0.5, 0.6]
INFO:root:Classification accuracy: 0.57
INFO:root:Class balance: 0.52
INFO:root:File: s49.mat
INFO:root:Left Imagery Data Shape: (68, 64, 2561)
INFO:root:Right Imagery Data Shape: (71, 64, 2561)
INFO:root:Classification scores: [0.6428571428571429, 0.7142857142857143, 0.42857142857142855, 0.6428571428571429, 0.6071428571428571, 0.7857142857142857, 0.6428571428571429, 0.6428571428571429, 0.5714285714285714, 0.5]
INFO:root:Classification accuracy: 0.6178571428571429
INFO:root:Class balance: 0.5107913669064748
INFO:root:File: s50.mat
INFO:root:Left Imagery Data Shape: (42, 64, 2561)
INFO:root:Right Imagery Data Shape: (58, 64, 2561)
INFO:root:Classification scores: [0.65, 0.6, 0.65, 0.7, 0.7, 0.9, 0.6, 0.55, 0.6, 0.65]
INFO:root:Classification accuracy: 0.6599999999999999
INFO:root:Class balance: 0.5800000000000001
INFO:root:File: s51.mat
INFO:root:Left Imagery Data Shape: (83, 64, 2561)
INFO:root:Right Imagery Data Shape: (94, 64, 2561)
INFO:root:Classification scores: [0.4722222222222222, 0.4722222222222222, 0.5555555555555556, 0.5277777777777778, 0.5555555555555556, 0.4444444444444444, 0.5, 0.4722222222222222, 0.5, 0.3611111111111111]
INFO:root:Classification accuracy: 0.48611111111111105
INFO:root:Class balance: 0.5310734463276836
INFO:root:File: s52.mat
INFO:root:Left Imagery Data Shape: (79, 64, 2561)
INFO:root:Right Imagery Data Shape: (81, 64, 2561)
INFO:root:Classification scores: [0.75, 0.59375, 0.6875, 0.71875, 0.5625, 0.625, 0.6875, 0.65625, 0.8125, 0.5625]
INFO:root:Classification accuracy: 0.665625
INFO:root:Class balance: 0.50625
